$ next build
⚠ Invalid next.config.ts options detected: 
⚠     Unrecognized key(s) in object: 'turbo' at "experimental"
⚠ See more info here: https://nextjs.org/docs/messages/invalid-next-config
⚠ Warning: Next.js inferred your workspace root, but it may not be correct.
 We detected multiple lockfiles and selected the directory of C:\Users\mbock\bun.lock as the root directory.
 To silence this warning, set `turbopack.root` in your Next.js config, or consider removing one of the lockfiles if it's not needed.
   See https://nextjs.org/docs/app/api-reference/config/next-config-js/turbopack#root-directory for more information.
 Detected additional lockfiles: 
   * C:\Users\mbock\Documents\Clients\ETG\workspace-ETG\bun.lock

▲ Next.js 16.1.3 (Turbopack)
- Environments: .env.local, .env.production, .env
- Experiments (use with caution):
  ? turbo (invalid experimental key)

  Creating an optimized production build ...
✓ Compiled successfully in 62s
  Running TypeScript ...
Failed to compile.

./examples/websocket/server.ts:2:24
Type error: Cannot find module 'socket.io' or its corresponding type declarations.

[0m [90m 1 |[39m [36mimport[39m { createServer } [36mfrom[39m [32m'http'[39m
[31m[1m>[22m[39m[90m 2 |[39m [36mimport[39m { [33mServer[39m } [36mfrom[39m [32m'socket.io'[39m
 [90m   |[39m                        [31m[1m^[22m[39m
 [90m 3 |[39m
 [90m 4 |[39m [36mconst[39m httpServer [33m=[39m createServer()
 [90m 5 |[39m [36mconst[39m io [33m=[39m [36mnew[39m [33mServer[39m(httpServer[33m,[39m {[0m
Next.js build worker exited with code: 1 and signal: null
error: script "build" exited with code 1
